<?xml version="1.0" encoding="UTF-8"?>
<!-- Generated by org.testng.reporters.JUnitXMLReporter -->
<testsuite ignored="0" hostname="Lenovo-PC" failures="0" tests="2" name="Test Search Booking" time="33.518" errors="0" timestamp="2022-03-06T17:03:38 EET">
  <testcase classname="utils.BaseTest" name="@BeforeMethod beforeMethodMethod" time="20.418">
    <failure type="org.openqa.selenium.remote.UnreachableBrowserException" message="Could not start a new session. Possible causes are invalid address of the remote server or browser start-up failure.
Build info: version: &amp;apos;3.4.0&amp;apos;, revision: &amp;apos;unknown&amp;apos;, time: &amp;apos;unknown&amp;apos;
System info: host: &amp;apos;LENOVO-PC&amp;apos;, ip: &amp;apos;192.168.100.3&amp;apos;, os.name: &amp;apos;Windows 8.1&amp;apos;, os.arch: &amp;apos;amd64&amp;apos;, os.version: &amp;apos;6.3&amp;apos;, java.version: &amp;apos;15.0.2&amp;apos;
Driver info: driver.version: SetupDriver">
      <![CDATA[org.openqa.selenium.remote.UnreachableBrowserException: Could not start a new session. Possible causes are invalid address of the remote server or browser start-up failure.
Build info: version: '3.4.0', revision: 'unknown', time: 'unknown'
System info: host: 'LENOVO-PC', ip: '192.168.100.3', os.name: 'Windows 8.1', os.arch: 'amd64', os.version: '6.3', java.version: '15.0.2'
Driver info: driver.version: SetupDriver
at org.openqa.selenium.remote.RemoteWebDriver.execute(RemoteWebDriver.java:658)
at org.openqa.selenium.remote.RemoteWebDriver.startSession(RemoteWebDriver.java:250)
at org.openqa.selenium.remote.RemoteWebDriver.startSession(RemoteWebDriver.java:236)
at org.openqa.selenium.remote.RemoteWebDriver.<init>(RemoteWebDriver.java:137)
at org.openqa.selenium.chrome.ChromeDriver.<init>(ChromeDriver.java:184)
at org.openqa.selenium.chrome.ChromeDriver.<init>(ChromeDriver.java:171)
at org.openqa.selenium.chrome.ChromeDriver.<init>(ChromeDriver.java:124)
at utils.SetupDriver.startBrowser(SetupDriver.java:19)
at utils.BaseTest.beforeMethodMethod(BaseTest.java:54)
at java.base/java.util.ArrayList.forEach(ArrayList.java:1511)
Caused by: java.lang.IllegalStateException: The process has not exited yet therefore no result is available ...
at org.apache.commons.exec.DefaultExecuteResultHandler.getException(DefaultExecuteResultHandler.java:76)
at org.openqa.selenium.os.UnixProcess.checkForError(UnixProcess.java:174)
at org.openqa.selenium.os.CommandLine.checkForError(CommandLine.java:183)
at org.openqa.selenium.remote.service.DriverService.waitUntilAvailable(DriverService.java:192)
at org.openqa.selenium.remote.service.DriverService.start(DriverService.java:181)
at org.openqa.selenium.remote.service.DriverCommandExecutor.execute(DriverCommandExecutor.java:78)
at org.openqa.selenium.remote.RemoteWebDriver.execute(RemoteWebDriver.java:637)
... 40 more
... Removed 31 stack frames]]>
    </failure>
  </testcase> <!-- @BeforeMethod beforeMethodMethod -->
  <testcase classname="utils.BaseTest" name="@AfterMethod afterMethod" time="0.001">
    <failure type="java.lang.Exception" message="Hello!!">
      <![CDATA[java.lang.Exception: Hello!!
at utils.BaseTest.afterMethod(BaseTest.java:68)
at java.base/java.util.ArrayList.forEach(ArrayList.java:1511)
... Removed 32 stack frames]]>
    </failure>
  </testcase> <!-- @AfterMethod afterMethod -->
  <testcase classname="utils.BaseTest" name="@BeforeMethod beforeMethodMethod" time="-1.646579012322E9">
    <skipped/>
  </testcase> <!-- @BeforeMethod beforeMethodMethod -->
  <testcase classname="utils.BaseTest" name="@AfterMethod afterMethod" time="0.001">
    <failure type="java.lang.Exception" message="Hello!!">
      <![CDATA[java.lang.Exception: Hello!!
at utils.BaseTest.afterMethod(BaseTest.java:68)
at java.base/java.util.ArrayList.forEach(ArrayList.java:1511)
... Removed 32 stack frames]]>
    </failure>
  </testcase> <!-- @AfterMethod afterMethod -->
  <testcase classname="utils.BaseTest" name="shouldAnswerWithTrue" time="0.0">
    <skipped/>
  </testcase> <!-- shouldAnswerWithTrue -->
  <testcase classname="uitests.SearchBooking" name="searchBooking" time="0.0">
    <skipped/>
  </testcase> <!-- searchBooking -->
</testsuite> <!-- Test Search Booking -->
